0 info it worked if it ends with ok
1 verbose cli [ 'node', '/usr/bin/npm', 'install' ]
2 info using npm@2.11.0
3 info using node@v0.12.4
4 verbose readDependencies loading dependencies from /home/tawanda/sandbox/django/thinkster/package.json
5 verbose install where, deps [ '/home/tawanda/sandbox/django/thinkster',
5 verbose install   [ 'bower', 'gulp', 'gulp-ng-annotate', 'gulp-uglify' ] ]
6 verbose install where, peers [ '/home/tawanda/sandbox/django/thinkster', [] ]
7 verbose installManyTop reading for lifecycle /home/tawanda/sandbox/django/thinkster/package.json
8 info preinstall thinkster_django_angular_boilerplate@1.0.0
9 verbose installManyTop reading scoped package data from /home/tawanda/sandbox/django/thinkster/node_modules/bower/package.json
10 verbose installManyTop reading scoped package data from /home/tawanda/sandbox/django/thinkster/node_modules/gulp/package.json
11 verbose installManyTop reading scoped package data from /home/tawanda/sandbox/django/thinkster/node_modules/gulp-ng-annotate/package.json
12 verbose installManyTop reading scoped package data from /home/tawanda/sandbox/django/thinkster/node_modules/gulp-uglify/package.json
13 info package.json bower@1.4.1 No license field.
14 info package.json gulp-ng-annotate@0.3.6 license should be a valid SPDX license expression
15 verbose readDependencies loading dependencies from /home/tawanda/sandbox/django/thinkster/package.json
16 verbose targetResolver reading package data from /home/tawanda/sandbox/django/thinkster/node_modules/bower/package.json
17 verbose targetResolver reading package data from /home/tawanda/sandbox/django/thinkster/node_modules/gulp/package.json
18 verbose targetResolver reading package data from /home/tawanda/sandbox/django/thinkster/node_modules/gulp-ng-annotate/package.json
19 verbose targetResolver reading package data from /home/tawanda/sandbox/django/thinkster/node_modules/gulp-uglify/package.json
20 verbose already installed skipping gulp-uglify@^1.0.1 /home/tawanda/sandbox/django/thinkster
21 verbose already installed skipping bower@^1.3.12 /home/tawanda/sandbox/django/thinkster
22 verbose already installed skipping gulp-ng-annotate@^0.3.3 /home/tawanda/sandbox/django/thinkster
23 verbose already installed skipping gulp@^3.8.9 /home/tawanda/sandbox/django/thinkster
24 silly install resolved []
25 info build /home/tawanda/sandbox/django/thinkster
26 info linkStuff thinkster_django_angular_boilerplate@1.0.0
27 silly linkStuff thinkster_django_angular_boilerplate@1.0.0 has /home/tawanda/sandbox/django as its parent node_modules
28 verbose linkBins thinkster_django_angular_boilerplate@1.0.0
29 verbose linkMans thinkster_django_angular_boilerplate@1.0.0
30 verbose rebuildBundles thinkster_django_angular_boilerplate@1.0.0
31 verbose rebuildBundles [ 'bower', 'gulp', 'gulp-ng-annotate', 'gulp-uglify' ]
32 info install thinkster_django_angular_boilerplate@1.0.0
33 info postinstall thinkster_django_angular_boilerplate@1.0.0
34 verbose unsafe-perm in lifecycle true
35 info thinkster_django_angular_boilerplate@1.0.0 Failed to exec postinstall script
36 verbose stack Error: thinkster_django_angular_boilerplate@1.0.0 postinstall: `chmod +x ./scripts/postInstall.sh && ./scripts/postInstall.sh`
36 verbose stack Exit status 1
36 verbose stack     at EventEmitter.<anonymous> (/usr/lib/node_modules/npm/lib/utils/lifecycle.js:213:16)
36 verbose stack     at EventEmitter.emit (events.js:110:17)
36 verbose stack     at ChildProcess.<anonymous> (/usr/lib/node_modules/npm/lib/utils/spawn.js:24:14)
36 verbose stack     at ChildProcess.emit (events.js:110:17)
36 verbose stack     at maybeClose (child_process.js:1015:16)
36 verbose stack     at Process.ChildProcess._handle.onexit (child_process.js:1087:5)
37 verbose pkgid thinkster_django_angular_boilerplate@1.0.0
38 verbose cwd /home/tawanda/sandbox/django/thinkster
39 error Linux 3.19.8.1-1-MANJARO
40 error argv "node" "/usr/bin/npm" "install"
41 error node v0.12.4
42 error npm  v2.11.0
43 error code ELIFECYCLE
44 error thinkster_django_angular_boilerplate@1.0.0 postinstall: `chmod +x ./scripts/postInstall.sh && ./scripts/postInstall.sh`
44 error Exit status 1
45 error Failed at the thinkster_django_angular_boilerplate@1.0.0 postinstall script 'chmod +x ./scripts/postInstall.sh && ./scripts/postInstall.sh'.
45 error This is most likely a problem with the thinkster_django_angular_boilerplate package,
45 error not with npm itself.
45 error Tell the author that this fails on your system:
45 error     chmod +x ./scripts/postInstall.sh && ./scripts/postInstall.sh
45 error You can get their info via:
45 error     npm owner ls thinkster_django_angular_boilerplate
45 error There is likely additional logging output above.
46 verbose exit [ 1, true ]
